2026-04-13 13:05:14 [ERROR]: Database connection failed {"service":"healthaxis-api","error":"option buffermaxentries is not supported","retryCount":0,"maxRetries":5}
MongoParseError: option buffermaxentries is not supported
    at parseOptions (C:\Users\Windows11\Desktop\HealthAxis\server\node_modules\mongodb\lib\connection_string.js:273:15)
    at new MongoClient (C:\Users\Windows11\Desktop\HealthAxis\server\node_modules\mongodb\lib\mongo_client.js:67:61)
    at NativeConnection.createClient (C:\Users\Windows11\Desktop\HealthAxis\server\node_modules\mongoose\lib\drivers\node-mongodb-native\connection.js:338:14)
    at NativeConnection.openUri (C:\Users\Windows11\Desktop\HealthAxis\server\node_modules\mongoose\lib\connection.js:1086:34)
    at Mongoose.connect (C:\Users\Windows11\Desktop\HealthAxis\server\node_modules\mongoose\lib\mongoose.js:475:15)
    at connectDb (file:///C:/Users/Windows11/Desktop/HealthAxis/server/src/config/db.js:20:24)
    at startServer (file:///C:/Users/Windows11/Desktop/HealthAxis/server/server.js:11:11)
    at file:///C:/Users/Windows11/Desktop/HealthAxis/server/server.js:49:1
    at ModuleJob.run (node:internal/modules/esm/module_job:413:25)
    at process.processTicksAndRejections (node:internal/process/task_queues:103:5)
2026-04-13 13:05:15 [INFO]: Retrying database connection in 5 seconds... {"service":"healthaxis-api","attempt":1,"maxRetries":5}
2026-04-13 13:05:20 [ERROR]: Database connection failed {"service":"healthaxis-api","error":"option buffermaxentries is not supported","retryCount":1,"maxRetries":5}
MongoParseError: option buffermaxentries is not supported
    at parseOptions (C:\Users\Windows11\Desktop\HealthAxis\server\node_modules\mongodb\lib\connection_string.js:273:15)
    at new MongoClient (C:\Users\Windows11\Desktop\HealthAxis\server\node_modules\mongodb\lib\mongo_client.js:67:61)
    at NativeConnection.createClient (C:\Users\Windows11\Desktop\HealthAxis\server\node_modules\mongoose\lib\drivers\node-mongodb-native\connection.js:338:14)
    at NativeConnection.openUri (C:\Users\Windows11\Desktop\HealthAxis\server\node_modules\mongoose\lib\connection.js:1086:34)
    at Mongoose.connect (C:\Users\Windows11\Desktop\HealthAxis\server\node_modules\mongoose\lib\mongoose.js:475:15)
    at connectDb (file:///C:/Users/Windows11/Desktop/HealthAxis/server/src/config/db.js:20:24)
    at connectDb (file:///C:/Users/Windows11/Desktop/HealthAxis/server/src/config/db.js:55:20)
    at async startServer (file:///C:/Users/Windows11/Desktop/HealthAxis/server/server.js:11:5)
2026-04-13 13:05:20 [INFO]: Retrying database connection in 5 seconds... {"service":"healthaxis-api","attempt":2,"maxRetries":5}
2026-04-13 13:05:25 [ERROR]: Database connection failed {"service":"healthaxis-api","error":"option buffermaxentries is not supported","retryCount":2,"maxRetries":5}
MongoParseError: option buffermaxentries is not supported
    at parseOptions (C:\Users\Windows11\Desktop\HealthAxis\server\node_modules\mongodb\lib\connection_string.js:273:15)
    at new MongoClient (C:\Users\Windows11\Desktop\HealthAxis\server\node_modules\mongodb\lib\mongo_client.js:67:61)
    at NativeConnection.createClient (C:\Users\Windows11\Desktop\HealthAxis\server\node_modules\mongoose\lib\drivers\node-mongodb-native\connection.js:338:14)
    at NativeConnection.openUri (C:\Users\Windows11\Desktop\HealthAxis\server\node_modules\mongoose\lib\connection.js:1086:34)
    at Mongoose.connect (C:\Users\Windows11\Desktop\HealthAxis\server\node_modules\mongoose\lib\mongoose.js:475:15)
    at connectDb (file:///C:/Users/Windows11/Desktop/HealthAxis/server/src/config/db.js:20:24)
    at connectDb (file:///C:/Users/Windows11/Desktop/HealthAxis/server/src/config/db.js:55:20)
    at async startServer (file:///C:/Users/Windows11/Desktop/HealthAxis/server/server.js:11:5)
2026-04-13 13:05:25 [INFO]: Retrying database connection in 5 seconds... {"service":"healthaxis-api","attempt":3,"maxRetries":5}
2026-04-13 13:05:30 [ERROR]: Database connection failed {"service":"healthaxis-api","error":"option buffermaxentries is not supported","retryCount":3,"maxRetries":5}
MongoParseError: option buffermaxentries is not supported
    at parseOptions (C:\Users\Windows11\Desktop\HealthAxis\server\node_modules\mongodb\lib\connection_string.js:273:15)
    at new MongoClient (C:\Users\Windows11\Desktop\HealthAxis\server\node_modules\mongodb\lib\mongo_client.js:67:61)
    at NativeConnection.createClient (C:\Users\Windows11\Desktop\HealthAxis\server\node_modules\mongoose\lib\drivers\node-mongodb-native\connection.js:338:14)
    at NativeConnection.openUri (C:\Users\Windows11\Desktop\HealthAxis\server\node_modules\mongoose\lib\connection.js:1086:34)
    at Mongoose.connect (C:\Users\Windows11\Desktop\HealthAxis\server\node_modules\mongoose\lib\mongoose.js:475:15)
    at connectDb (file:///C:/Users/Windows11/Desktop/HealthAxis/server/src/config/db.js:20:24)
    at connectDb (file:///C:/Users/Windows11/Desktop/HealthAxis/server/src/config/db.js:55:20)
    at async startServer (file:///C:/Users/Windows11/Desktop/HealthAxis/server/server.js:11:5)
2026-04-13 13:05:30 [INFO]: Retrying database connection in 5 seconds... {"service":"healthaxis-api","attempt":4,"maxRetries":5}
2026-04-13 13:05:35 [ERROR]: Database connection failed {"service":"healthaxis-api","error":"option buffermaxentries is not supported","retryCount":4,"maxRetries":5}
MongoParseError: option buffermaxentries is not supported
    at parseOptions (C:\Users\Windows11\Desktop\HealthAxis\server\node_modules\mongodb\lib\connection_string.js:273:15)
    at new MongoClient (C:\Users\Windows11\Desktop\HealthAxis\server\node_modules\mongodb\lib\mongo_client.js:67:61)
    at NativeConnection.createClient (C:\Users\Windows11\Desktop\HealthAxis\server\node_modules\mongoose\lib\drivers\node-mongodb-native\connection.js:338:14)
    at NativeConnection.openUri (C:\Users\Windows11\Desktop\HealthAxis\server\node_modules\mongoose\lib\connection.js:1086:34)
    at Mongoose.connect (C:\Users\Windows11\Desktop\HealthAxis\server\node_modules\mongoose\lib\mongoose.js:475:15)
    at connectDb (file:///C:/Users/Windows11/Desktop/HealthAxis/server/src/config/db.js:20:24)
    at connectDb (file:///C:/Users/Windows11/Desktop/HealthAxis/server/src/config/db.js:55:20)
    at async startServer (file:///C:/Users/Windows11/Desktop/HealthAxis/server/server.js:11:5)
2026-04-13 13:05:35 [INFO]: Retrying database connection in 5 seconds... {"service":"healthaxis-api","attempt":5,"maxRetries":5}
2026-04-13 13:05:40 [ERROR]: Database connection failed {"service":"healthaxis-api","error":"option buffermaxentries is not supported","retryCount":5,"maxRetries":5}
MongoParseError: option buffermaxentries is not supported
    at parseOptions (C:\Users\Windows11\Desktop\HealthAxis\server\node_modules\mongodb\lib\connection_string.js:273:15)
    at new MongoClient (C:\Users\Windows11\Desktop\HealthAxis\server\node_modules\mongodb\lib\mongo_client.js:67:61)
    at NativeConnection.createClient (C:\Users\Windows11\Desktop\HealthAxis\server\node_modules\mongoose\lib\drivers\node-mongodb-native\connection.js:338:14)
    at NativeConnection.openUri (C:\Users\Windows11\Desktop\HealthAxis\server\node_modules\mongoose\lib\connection.js:1086:34)
    at Mongoose.connect (C:\Users\Windows11\Desktop\HealthAxis\server\node_modules\mongoose\lib\mongoose.js:475:15)
    at connectDb (file:///C:/Users/Windows11/Desktop/HealthAxis/server/src/config/db.js:20:24)
    at connectDb (file:///C:/Users/Windows11/Desktop/HealthAxis/server/src/config/db.js:55:20)
    at async startServer (file:///C:/Users/Windows11/Desktop/HealthAxis/server/server.js:11:5)
2026-04-13 13:07:58 [ERROR]: Database connection failed {"service":"healthaxis-api","error":"option buffermaxentries is not supported","retryCount":0,"maxRetries":5}
MongoParseError: option buffermaxentries is not supported
    at parseOptions (C:\Users\Windows11\Desktop\HealthAxis\server\node_modules\mongodb\lib\connection_string.js:273:15)
    at new MongoClient (C:\Users\Windows11\Desktop\HealthAxis\server\node_modules\mongodb\lib\mongo_client.js:67:61)
    at NativeConnection.createClient (C:\Users\Windows11\Desktop\HealthAxis\server\node_modules\mongoose\lib\drivers\node-mongodb-native\connection.js:338:14)
    at NativeConnection.openUri (C:\Users\Windows11\Desktop\HealthAxis\server\node_modules\mongoose\lib\connection.js:1086:34)
    at Mongoose.connect (C:\Users\Windows11\Desktop\HealthAxis\server\node_modules\mongoose\lib\mongoose.js:475:15)
    at connectDb (file:///C:/Users/Windows11/Desktop/HealthAxis/server/src/config/db.js:20:28)
    at startServer (file:///C:/Users/Windows11/Desktop/HealthAxis/server/server.js:11:11)
    at file:///C:/Users/Windows11/Desktop/HealthAxis/server/server.js:49:1
    at ModuleJob.run (node:internal/modules/esm/module_job:413:25)
    at process.processTicksAndRejections (node:internal/process/task_queues:103:5)
2026-04-13 13:07:58 [INFO]: Retrying database connection in 5 seconds... {"service":"healthaxis-api","attempt":1,"maxRetries":5}
2026-04-13 13:08:03 [ERROR]: Database connection failed {"service":"healthaxis-api","error":"option buffermaxentries is not supported","retryCount":1,"maxRetries":5}
MongoParseError: option buffermaxentries is not supported
    at parseOptions (C:\Users\Windows11\Desktop\HealthAxis\server\node_modules\mongodb\lib\connection_string.js:273:15)
    at new MongoClient (C:\Users\Windows11\Desktop\HealthAxis\server\node_modules\mongodb\lib\mongo_client.js:67:61)
    at NativeConnection.createClient (C:\Users\Windows11\Desktop\HealthAxis\server\node_modules\mongoose\lib\drivers\node-mongodb-native\connection.js:338:14)
    at NativeConnection.openUri (C:\Users\Windows11\Desktop\HealthAxis\server\node_modules\mongoose\lib\connection.js:1086:34)
    at Mongoose.connect (C:\Users\Windows11\Desktop\HealthAxis\server\node_modules\mongoose\lib\mongoose.js:475:15)
    at connectDb (file:///C:/Users/Windows11/Desktop/HealthAxis/server/src/config/db.js:20:28)
    at connectDb (file:///C:/Users/Windows11/Desktop/HealthAxis/server/src/config/db.js:55:20)
    at async startServer (file:///C:/Users/Windows11/Desktop/HealthAxis/server/server.js:11:5)
2026-04-13 13:08:03 [INFO]: Retrying database connection in 5 seconds... {"service":"healthaxis-api","attempt":2,"maxRetries":5}
2026-04-13 13:08:08 [ERROR]: Database connection failed {"service":"healthaxis-api","error":"option buffermaxentries is not supported","retryCount":2,"maxRetries":5}
MongoParseError: option buffermaxentries is not supported
    at parseOptions (C:\Users\Windows11\Desktop\HealthAxis\server\node_modules\mongodb\lib\connection_string.js:273:15)
    at new MongoClient (C:\Users\Windows11\Desktop\HealthAxis\server\node_modules\mongodb\lib\mongo_client.js:67:61)
    at NativeConnection.createClient (C:\Users\Windows11\Desktop\HealthAxis\server\node_modules\mongoose\lib\drivers\node-mongodb-native\connection.js:338:14)
    at NativeConnection.openUri (C:\Users\Windows11\Desktop\HealthAxis\server\node_modules\mongoose\lib\connection.js:1086:34)
    at Mongoose.connect (C:\Users\Windows11\Desktop\HealthAxis\server\node_modules\mongoose\lib\mongoose.js:475:15)
    at connectDb (file:///C:/Users/Windows11/Desktop/HealthAxis/server/src/config/db.js:20:28)
    at connectDb (file:///C:/Users/Windows11/Desktop/HealthAxis/server/src/config/db.js:55:20)
    at async startServer (file:///C:/Users/Windows11/Desktop/HealthAxis/server/server.js:11:5)
2026-04-13 13:08:08 [INFO]: Retrying database connection in 5 seconds... {"service":"healthaxis-api","attempt":3,"maxRetries":5}
2026-04-13 13:08:13 [ERROR]: Database connection failed {"service":"healthaxis-api","error":"option buffermaxentries is not supported","retryCount":3,"maxRetries":5}
MongoParseError: option buffermaxentries is not supported
    at parseOptions (C:\Users\Windows11\Desktop\HealthAxis\server\node_modules\mongodb\lib\connection_string.js:273:15)
    at new MongoClient (C:\Users\Windows11\Desktop\HealthAxis\server\node_modules\mongodb\lib\mongo_client.js:67:61)
    at NativeConnection.createClient (C:\Users\Windows11\Desktop\HealthAxis\server\node_modules\mongoose\lib\drivers\node-mongodb-native\connection.js:338:14)
    at NativeConnection.openUri (C:\Users\Windows11\Desktop\HealthAxis\server\node_modules\mongoose\lib\connection.js:1086:34)
    at Mongoose.connect (C:\Users\Windows11\Desktop\HealthAxis\server\node_modules\mongoose\lib\mongoose.js:475:15)
    at connectDb (file:///C:/Users/Windows11/Desktop/HealthAxis/server/src/config/db.js:20:28)
    at connectDb (file:///C:/Users/Windows11/Desktop/HealthAxis/server/src/config/db.js:55:20)
    at async startServer (file:///C:/Users/Windows11/Desktop/HealthAxis/server/server.js:11:5)
2026-04-13 13:08:13 [INFO]: Retrying database connection in 5 seconds... {"service":"healthaxis-api","attempt":4,"maxRetries":5}
2026-04-13 13:08:17 [INFO]: Socket.IO initialized {"service":"healthaxis-api"}
2026-04-13 13:08:17 [INFO]: Server running on port 3000 {"service":"healthaxis-api"}
2026-04-13 13:08:23 [INFO]: Socket.IO initialized {"service":"healthaxis-api"}
2026-04-13 13:08:23 [INFO]: Server running on port 3000 {"service":"healthaxis-api"}
2026-04-13 13:08:35 [INFO]: ✅ MongoDB Connected {"service":"healthaxis-api"}
2026-04-13 13:08:35 [INFO]: Socket.IO initialized {"service":"healthaxis-api"}
2026-04-13 13:08:35 [INFO]: Server running on port 3000 {"service":"healthaxis-api"}
2026-04-13 13:08:42 [INFO]: ✅ MongoDB Connected {"service":"healthaxis-api"}
2026-04-13 13:08:42 [INFO]: Socket.IO initialized {"service":"healthaxis-api"}
2026-04-13 13:08:42 [INFO]: Server running on port 3000 {"service":"healthaxis-api"}
2026-04-13 13:08:46 [INFO]: Server shutting down... {"service":"healthaxis-api"}
2026-04-13 13:08:53 [INFO]: ✅ MongoDB Connected {"service":"healthaxis-api"}
2026-04-13 13:08:53 [INFO]: Socket.IO initialized {"service":"healthaxis-api"}
2026-04-13 13:08:53 [INFO]: Server running on port 3000 {"service":"healthaxis-api"}
2026-04-13 13:09:27 [INFO]: ✅ MongoDB Connected {"service":"healthaxis-api"}
2026-04-13 13:09:27 [INFO]: Socket.IO initialized {"service":"healthaxis-api"}
2026-04-13 13:09:27 [INFO]: Server running on port 3000 {"service":"healthaxis-api"}
2026-04-13 13:09:36 [INFO]: ✅ MongoDB Connected {"service":"healthaxis-api"}
2026-04-13 13:09:36 [INFO]: Socket.IO initialized {"service":"healthaxis-api"}
2026-04-13 13:09:36 [INFO]: Server running on port 3000 {"service":"healthaxis-api"}
2026-04-13 13:11:01 [INFO]: Server shutting down... {"service":"healthaxis-api"}
2026-04-13 13:13:45 [INFO]: ✅ MongoDB Connected {"service":"healthaxis-api"}
2026-04-13 13:13:45 [INFO]: Socket.IO initialized {"service":"healthaxis-api"}
2026-04-13 13:13:45 [INFO]: Server running on port 3000 {"service":"healthaxis-api"}
2026-04-14 12:55:42 [INFO]: ✅ MongoDB Connected {"service":"healthaxis-api"}
2026-04-14 12:55:42 [INFO]: Socket.IO initialized {"service":"healthaxis-api"}
2026-04-14 12:55:42 [INFO]: Server running on port 3000 {"service":"healthaxis-api"}
2026-04-14 12:56:22 [INFO]: ✅ MongoDB Connected {"service":"healthaxis-api"}
2026-04-14 12:56:22 [INFO]: Socket.IO initialized {"service":"healthaxis-api"}
2026-04-14 12:56:22 [INFO]: Server running on port 3000 {"service":"healthaxis-api"}
2026-04-14 22:09:03 [INFO]: ✅ MongoDB Connected {"service":"healthaxis-api"}
2026-04-14 22:09:03 [INFO]: Socket.IO initialized {"service":"healthaxis-api"}
2026-04-14 22:09:03 [INFO]: Server running on port 3000 {"service":"healthaxis-api"}
2026-04-14 22:12:19 [INFO]: ✅ MongoDB Connected {"service":"healthaxis-api"}
2026-04-14 22:12:19 [INFO]: Socket.IO initialized {"service":"healthaxis-api"}
2026-04-14 22:12:19 [INFO]: Server running on port 3000 {"service":"healthaxis-api"}
2026-04-16 00:25:38 [ERROR]: ❌ DB Connection Error: {"service":"healthaxis-api"}
2026-04-16 00:26:28 [INFO]: ✅ MongoDB Connected {"service":"healthaxis-api"}
2026-04-16 00:26:28 [INFO]: Socket.IO initialized {"service":"healthaxis-api"}
2026-04-16 00:26:28 [INFO]: Server running on port 3000 {"service":"healthaxis-api"}
2026-04-16 00:26:32 [INFO]: Server shutting down... {"service":"healthaxis-api"}
2026-04-16 00:28:49 [INFO]: ✅ MongoDB Connected {"service":"healthaxis-api"}
2026-04-16 00:28:49 [INFO]: Socket.IO initialized {"service":"healthaxis-api"}
2026-04-16 00:28:49 [INFO]: Server running on port 3000 {"service":"healthaxis-api"}
2026-04-16 00:29:05 [INFO]: Server shutting down... {"service":"healthaxis-api"}
2026-04-16 17:58:20 [INFO]: ✅ MongoDB Connected {"service":"healthaxis-api"}
2026-04-16 17:58:20 [INFO]: Socket.IO initialized {"service":"healthaxis-api"}
2026-04-16 17:58:20 [INFO]: Server running on port 3000 {"service":"healthaxis-api"}
2026-04-16 21:16:00 [INFO]: ✅ MongoDB Connected {"service":"healthaxis-api"}
2026-04-16 21:16:00 [INFO]: Socket.IO initialized {"service":"healthaxis-api"}
2026-04-16 21:16:00 [INFO]: Server running on port 3000 {"service":"healthaxis-api"}
2026-04-16 21:23:02 [INFO]: ✅ MongoDB Connected {"service":"healthaxis-api"}
2026-04-16 21:23:02 [INFO]: Socket.IO initialized {"service":"healthaxis-api"}
2026-04-16 21:23:02 [INFO]: Server running on port 3000 {"service":"healthaxis-api"}
2026-04-16 21:25:28 [INFO]: ✅ MongoDB Connected {"service":"healthaxis-api"}
2026-04-16 21:25:28 [INFO]: Socket.IO initialized {"service":"healthaxis-api"}
2026-04-16 21:25:28 [INFO]: Server running on port 3000 {"service":"healthaxis-api"}
2026-04-16 21:56:51 [INFO]: ✅ MongoDB Connected {"service":"healthaxis-api"}
2026-04-16 21:56:51 [INFO]: Socket.IO initialized {"service":"healthaxis-api"}
2026-04-16 21:56:51 [INFO]: Server running on port 3000 {"service":"healthaxis-api"}
2026-04-17 00:47:26 [INFO]: ✅ MongoDB Connected {"service":"healthaxis-api"}
2026-04-17 00:47:26 [INFO]: Socket.IO initialized {"service":"healthaxis-api"}
2026-04-17 00:47:26 [INFO]: Server running on port 3000 {"service":"healthaxis-api"}
2026-04-17 01:50:34 [INFO]: ✅ MongoDB Connected {"service":"healthaxis-api"}
2026-04-17 01:50:34 [INFO]: Socket.IO initialized {"service":"healthaxis-api"}
2026-04-17 01:50:34 [INFO]: Server running on port 3000 {"service":"healthaxis-api"}
2026-04-17 11:38:53 [INFO]: ✅ MongoDB Connected {"service":"healthaxis-api"}
2026-04-17 11:38:53 [INFO]: Socket.IO initialized {"service":"healthaxis-api"}
2026-04-17 11:38:53 [INFO]: Server running on port 3000 {"service":"healthaxis-api"}
2026-04-17 11:41:28 [WARN]: Auth rate limit exceeded {"service":"healthaxis-api","ip":"::1","method":"GET","url":"/api/auth/google/CLIENT_URL=http://localhost:5173","userAgent":"Mozilla/5.0 (Windows NT 10.0; Win64; x64) AppleWebKit/537.36 (KHTML, like Gecko) Chrome/147.0.0.0 Safari/537.36"}
2026-04-17 11:41:58 [WARN]: Auth rate limit exceeded {"service":"healthaxis-api","ip":"::1","method":"GET","url":"/api/auth/google/callback?iss=https%3A%2F%2Faccounts.google.com&code=4%2F0Aci98E-Zn8_L4d22tcPFEZ46iXacdDhGvA1rHagO7TlQRj4SoqpH1XT0WZ2IYNNpYgEFyg&scope=email+profile+https%3A%2F%2Fwww.googleapis.com%2Fauth%2Fuserinfo.profile+https%3A%2F%2Fwww.googleapis.com%2Fauth%2Fuserinfo.email+openid&authuser=0&prompt=consent","userAgent":"Mozilla/5.0 (Windows NT 10.0; Win64; x64) AppleWebKit/537.36 (KHTML, like Gecko) Chrome/147.0.0.0 Safari/537.36"}
2026-04-17 11:42:24 [WARN]: Auth rate limit exceeded {"service":"healthaxis-api","ip":"::1","method":"GET","url":"/api/auth/google","userAgent":"Mozilla/5.0 (Windows NT 10.0; Win64; x64) AppleWebKit/537.36 (KHTML, like Gecko) Chrome/147.0.0.0 Safari/537.36"}
2026-04-17 11:42:37 [WARN]: Auth rate limit exceeded {"service":"healthaxis-api","ip":"::1","method":"GET","url":"/api/auth/google","userAgent":"Mozilla/5.0 (Windows NT 10.0; Win64; x64) AppleWebKit/537.36 (KHTML, like Gecko) Chrome/147.0.0.0 Safari/537.36"}
2026-04-17 11:42:47 [WARN]: Auth rate limit exceeded {"service":"healthaxis-api","ip":"::1","method":"GET","url":"/api/auth/google","userAgent":"Mozilla/5.0 (Windows NT 10.0; Win64; x64) AppleWebKit/537.36 (KHTML, like Gecko) Chrome/147.0.0.0 Safari/537.36"}
2026-04-17 14:01:26 [ERROR]: ❌ DB Connection Error: {"service":"healthaxis-api"}
2026-04-16 21:52:21 [INFO]: ✅ MongoDB Connected {"service":"healthaxis-api"}
2026-04-16 21:52:21 [INFO]: Socket.IO initialized {"service":"healthaxis-api"}
2026-04-16 21:52:21 [INFO]: Server running on port 3000 {"service":"healthaxis-api"}
2026-04-17 12:48:08 [INFO]: ✅ MongoDB Connected {"service":"healthaxis-api"}
2026-04-17 12:48:08 [INFO]: Socket.IO initialized {"service":"healthaxis-api"}
2026-04-17 12:48:08 [INFO]: Server running on port 3000 {"service":"healthaxis-api"}
2026-04-17 12:51:45 [WARN]: Auth rate limit exceeded {"service":"healthaxis-api","ip":"::1","method":"GET","url":"/api/auth/google/CLIENT_URL=http://localhost:5173","userAgent":"Mozilla/5.0 (Windows NT 10.0; Win64; x64) AppleWebKit/537.36 (KHTML, like Gecko) Chrome/147.0.0.0 Safari/537.36"}
2026-04-17 12:53:01 [INFO]: ✅ MongoDB Connected {"service":"healthaxis-api"}
2026-04-17 12:53:01 [INFO]: Socket.IO initialized {"service":"healthaxis-api"}
2026-04-17 12:53:01 [INFO]: Server running on port 3000 {"service":"healthaxis-api"}
2026-04-17 13:03:06 [INFO]: ✅ MongoDB Connected {"service":"healthaxis-api"}
2026-04-17 13:03:06 [INFO]: Socket.IO initialized {"service":"healthaxis-api"}
2026-04-17 13:03:06 [INFO]: Server running on port 3000 {"service":"healthaxis-api"}
2026-04-17 13:22:15 [INFO]: Server shutting down... {"service":"healthaxis-api"}
2026-04-17 13:22:25 [INFO]: ✅ MongoDB Connected {"service":"healthaxis-api"}
2026-04-17 13:22:25 [INFO]: Socket.IO initialized {"service":"healthaxis-api"}
2026-04-17 13:22:25 [INFO]: Server running on port 3000 {"service":"healthaxis-api"}
2026-04-17 20:32:18 [INFO]: ✅ MongoDB Connected {"service":"healthaxis-api"}
2026-04-17 20:32:18 [INFO]: Socket.IO initialized {"service":"healthaxis-api"}
2026-04-17 20:32:18 [INFO]: Server running on port 3000 {"service":"healthaxis-api"}
2026-04-17 20:35:19 [INFO]: ✅ MongoDB Connected {"service":"healthaxis-api"}
2026-04-17 20:35:19 [INFO]: Socket.IO initialized {"service":"healthaxis-api"}
2026-04-17 20:35:19 [INFO]: Server running on port 3000 {"service":"healthaxis-api"}
2026-04-17 20:37:55 [INFO]: ✅ MongoDB Connected {"service":"healthaxis-api"}
2026-04-17 20:37:55 [INFO]: Socket.IO initialized {"service":"healthaxis-api"}
2026-04-17 20:37:55 [INFO]: Server running on port 3000 {"service":"healthaxis-api"}
2026-04-17 20:38:07 [INFO]: ✅ MongoDB Connected {"service":"healthaxis-api"}
2026-04-17 20:38:07 [INFO]: Socket.IO initialized {"service":"healthaxis-api"}
2026-04-17 20:38:07 [INFO]: Server running on port 3000 {"service":"healthaxis-api"}
2026-04-17 20:38:18 [INFO]: ✅ MongoDB Connected {"service":"healthaxis-api"}
2026-04-17 20:38:18 [INFO]: Socket.IO initialized {"service":"healthaxis-api"}
2026-04-17 20:38:18 [INFO]: Server running on port 3000 {"service":"healthaxis-api"}
2026-04-17 20:39:13 [INFO]: Server shutting down... {"service":"healthaxis-api"}
2026-04-17 20:39:23 [INFO]: ✅ MongoDB Connected {"service":"healthaxis-api"}
2026-04-17 20:39:23 [INFO]: Socket.IO initialized {"service":"healthaxis-api"}
2026-04-17 20:39:23 [INFO]: Server running on port 3000 {"service":"healthaxis-api"}
2026-04-17 20:39:33 [INFO]: Server shutting down... {"service":"healthaxis-api"}
2026-04-17 20:39:43 [INFO]: ✅ MongoDB Connected {"service":"healthaxis-api"}
2026-04-17 20:39:43 [INFO]: Socket.IO initialized {"service":"healthaxis-api"}
2026-04-17 20:39:43 [INFO]: Server running on port 3000 {"service":"healthaxis-api"}
2026-04-17 20:40:34 [INFO]: ✅ MongoDB Connected {"service":"healthaxis-api"}
2026-04-17 20:40:34 [INFO]: Socket.IO initialized {"service":"healthaxis-api"}
2026-04-17 20:40:34 [INFO]: Server running on port 3000 {"service":"healthaxis-api"}
2026-04-17 20:41:13 [INFO]: ✅ MongoDB Connected {"service":"healthaxis-api"}
2026-04-17 20:41:13 [INFO]: Socket.IO initialized {"service":"healthaxis-api"}
2026-04-17 20:41:13 [INFO]: Server running on port 3000 {"service":"healthaxis-api"}
2026-04-17 20:48:01 [INFO]: ✅ MongoDB Connected {"service":"healthaxis-api"}
2026-04-17 20:48:01 [INFO]: Socket.IO initialized {"service":"healthaxis-api"}
2026-04-17 20:48:01 [INFO]: Server running on port 3000 {"service":"healthaxis-api"}
2026-04-17 20:52:23 [INFO]: ✅ MongoDB Connected {"service":"healthaxis-api"}
2026-04-17 20:52:23 [INFO]: Socket.IO initialized {"service":"healthaxis-api"}
2026-04-17 20:52:23 [INFO]: Server running on port 3000 {"service":"healthaxis-api"}
2026-04-17 20:52:55 [INFO]: ✅ MongoDB Connected {"service":"healthaxis-api"}
2026-04-17 20:52:55 [INFO]: Socket.IO initialized {"service":"healthaxis-api"}
2026-04-17 20:52:55 [INFO]: Server running on port 3000 {"service":"healthaxis-api"}
2026-04-17 20:53:16 [INFO]: ✅ MongoDB Connected {"service":"healthaxis-api"}
2026-04-17 20:53:16 [INFO]: Socket.IO initialized {"service":"healthaxis-api"}
2026-04-17 20:53:16 [INFO]: Server running on port 3000 {"service":"healthaxis-api"}
2026-04-17 20:53:27 [INFO]: ✅ MongoDB Connected {"service":"healthaxis-api"}
2026-04-17 20:53:27 [INFO]: Socket.IO initialized {"service":"healthaxis-api"}
2026-04-17 20:53:27 [INFO]: Server running on port 3000 {"service":"healthaxis-api"}
2026-04-17 20:56:06 [INFO]: Server shutting down... {"service":"healthaxis-api"}

2026-04-17 23:44:20 [INFO]: ✅ MongoDB Connected {"service":"healthaxis-api"}
2026-04-17 23:44:20 [INFO]: Socket.IO initialized {"service":"healthaxis-api"}
2026-04-17 23:44:20 [INFO]: Server running on port 3000 {"service":"healthaxis-api"}
2026-04-17 23:55:37 [INFO]: Server shutting down... {"service":"healthaxis-api"}
2026-04-17 23:55:50 [INFO]: ✅ MongoDB Connected {"service":"healthaxis-api"}
2026-04-17 23:55:50 [INFO]: Socket.IO initialized {"service":"healthaxis-api"}
2026-04-17 23:55:50 [INFO]: Server running on port 3000 {"service":"healthaxis-api"}
2026-04-18 00:02:41 [INFO]: ✅ MongoDB Connected {"service":"healthaxis-api"}
2026-04-18 00:02:41 [INFO]: Socket.IO initialized {"service":"healthaxis-api"}
2026-04-18 00:02:41 [INFO]: Server running on port 3000 {"service":"healthaxis-api"}
2026-04-18 00:42:32 [INFO]: ✅ MongoDB Connected {"service":"healthaxis-api"}
2026-04-18 00:42:32 [INFO]: Socket.IO initialized {"service":"healthaxis-api"}
2026-04-18 00:42:32 [INFO]: Server running on port 3000 {"service":"healthaxis-api"}
2026-04-18 00:42:46 [INFO]: ✅ MongoDB Connected {"service":"healthaxis-api"}
2026-04-18 00:42:46 [INFO]: Socket.IO initialized {"service":"healthaxis-api"}
2026-04-18 00:42:46 [INFO]: Server running on port 3000 {"service":"healthaxis-api"}
2026-04-18 00:43:57 [INFO]: ✅ MongoDB Connected {"service":"healthaxis-api"}
2026-04-18 00:43:57 [INFO]: Socket.IO initialized {"service":"healthaxis-api"}
2026-04-18 00:43:57 [INFO]: Server running on port 3000 {"service":"healthaxis-api"}
2026-04-18 00:44:06 [INFO]: ✅ MongoDB Connected {"service":"healthaxis-api"}
2026-04-18 00:44:06 [INFO]: Socket.IO initialized {"service":"healthaxis-api"}
2026-04-18 00:44:06 [INFO]: Server running on port 3000 {"service":"healthaxis-api"}
2026-04-18 00:44:28 [INFO]: ✅ MongoDB Connected {"service":"healthaxis-api"}
2026-04-18 00:44:28 [INFO]: Socket.IO initialized {"service":"healthaxis-api"}
2026-04-18 00:44:28 [INFO]: Server running on port 3000 {"service":"healthaxis-api"}
2026-04-18 00:44:42 [INFO]: ✅ MongoDB Connected {"service":"healthaxis-api"}
2026-04-18 00:44:42 [INFO]: Socket.IO initialized {"service":"healthaxis-api"}
2026-04-18 00:44:42 [INFO]: Server running on port 3000 {"service":"healthaxis-api"}
2026-04-18 00:45:02 [INFO]: ✅ MongoDB Connected {"service":"healthaxis-api"}
2026-04-18 00:45:02 [INFO]: Socket.IO initialized {"service":"healthaxis-api"}
2026-04-18 00:45:02 [INFO]: Server running on port 3000 {"service":"healthaxis-api"}
2026-04-19 12:43:28 [INFO]: ✅ MongoDB Connected {"service":"healthaxis-api"}
2026-04-19 12:43:29 [INFO]: Socket.IO initialized {"service":"healthaxis-api"}
2026-04-19 12:43:29 [INFO]: Server running on port 3000 {"service":"healthaxis-api"}
2026-04-19 12:47:31 [INFO]: ✅ MongoDB Connected {"service":"healthaxis-api"}
2026-04-19 12:47:31 [INFO]: Socket.IO initialized {"service":"healthaxis-api"}
2026-04-19 12:47:31 [INFO]: Server running on port 3000 {"service":"healthaxis-api"}
2026-04-19 13:01:59 [INFO]: ✅ MongoDB Connected {"service":"healthaxis-api"}
2026-04-19 13:01:59 [INFO]: Socket.IO initialized {"service":"healthaxis-api"}
2026-04-19 13:01:59 [INFO]: Server running on port 3000 {"service":"healthaxis-api"}
2026-04-19 13:17:47 [INFO]: ✅ MongoDB Connected {"service":"healthaxis-api"}
2026-04-19 13:17:47 [INFO]: Socket.IO initialized {"service":"healthaxis-api"}
2026-04-19 13:17:47 [INFO]: Server running on port 3000 {"service":"healthaxis-api"}
2026-04-19 13:23:12 [INFO]: ✅ MongoDB Connected {"service":"healthaxis-api"}
2026-04-19 13:23:12 [INFO]: Socket.IO initialized {"service":"healthaxis-api"}
2026-04-19 13:23:12 [INFO]: Server running on port 3000 {"service":"healthaxis-api"}
2026-04-19 13:23:24 [INFO]: ✅ MongoDB Connected {"service":"healthaxis-api"}
2026-04-19 13:23:24 [INFO]: Socket.IO initialized {"service":"healthaxis-api"}
2026-04-19 13:23:24 [INFO]: Server running on port 3000 {"service":"healthaxis-api"}
2026-04-19 13:23:45 [INFO]: ✅ MongoDB Connected {"service":"healthaxis-api"}
2026-04-19 13:23:45 [INFO]: Socket.IO initialized {"service":"healthaxis-api"}
2026-04-19 13:23:45 [INFO]: Server running on port 3000 {"service":"healthaxis-api"}
2026-04-19 13:30:40 [INFO]: ✅ MongoDB Connected {"service":"healthaxis-api"}
2026-04-19 13:30:40 [INFO]: Socket.IO initialized {"service":"healthaxis-api"}
2026-04-19 13:30:40 [INFO]: Server running on port 3000 {"service":"healthaxis-api"}
2026-04-19 13:32:24 [INFO]: ✅ MongoDB Connected {"service":"healthaxis-api"}
2026-04-19 13:32:24 [INFO]: Socket.IO initialized {"service":"healthaxis-api"}
2026-04-19 13:32:24 [INFO]: Server running on port 3000 {"service":"healthaxis-api"}
2026-04-19 13:35:31 [INFO]: ✅ MongoDB Connected {"service":"healthaxis-api"}
2026-04-19 13:35:31 [INFO]: Socket.IO initialized {"service":"healthaxis-api"}
2026-04-19 13:35:31 [INFO]: Server running on port 3000 {"service":"healthaxis-api"}
2026-04-19 14:08:06 [INFO]: ✅ MongoDB Connected {"service":"healthaxis-api"}
2026-04-19 14:08:06 [INFO]: Socket.IO initialized {"service":"healthaxis-api"}
2026-04-19 14:08:06 [INFO]: Server running on port 3000 {"service":"healthaxis-api"}
2026-04-19 15:01:15 [INFO]: ✅ MongoDB Connected {"service":"healthaxis-api"}
2026-04-19 15:01:15 [INFO]: Socket.IO initialized {"service":"healthaxis-api"}
2026-04-19 15:01:15 [INFO]: Server running on port 3000 {"service":"healthaxis-api"}
2026-04-19 15:01:34 [INFO]: ✅ MongoDB Connected {"service":"healthaxis-api"}
2026-04-19 15:01:34 [INFO]: Socket.IO initialized {"service":"healthaxis-api"}
2026-04-19 15:01:34 [INFO]: Server running on port 3000 {"service":"healthaxis-api"}
2026-04-19 15:09:24 [INFO]: ✅ MongoDB Connected {"service":"healthaxis-api"}
2026-04-19 15:09:24 [INFO]: Socket.IO initialized {"service":"healthaxis-api"}
2026-04-19 15:09:24 [INFO]: Server running on port 3000 {"service":"healthaxis-api"}
2026-04-19 15:09:46 [INFO]: ✅ MongoDB Connected {"service":"healthaxis-api"}
2026-04-19 15:09:46 [INFO]: Socket.IO initialized {"service":"healthaxis-api"}
2026-04-19 15:09:46 [INFO]: Server running on port 3000 {"service":"healthaxis-api"}
2026-04-19 15:10:46 [INFO]: ✅ MongoDB Connected {"service":"healthaxis-api"}
2026-04-19 15:10:46 [INFO]: Socket.IO initialized {"service":"healthaxis-api"}
2026-04-19 15:10:46 [INFO]: Server running on port 3000 {"service":"healthaxis-api"}
2026-04-19 15:11:35 [INFO]: ✅ MongoDB Connected {"service":"healthaxis-api"}
2026-04-19 15:11:35 [INFO]: Socket.IO initialized {"service":"healthaxis-api"}
2026-04-19 15:11:35 [INFO]: Server running on port 3000 {"service":"healthaxis-api"}
2026-04-19 15:30:45 [INFO]: ✅ MongoDB Connected {"service":"healthaxis-api"}
2026-04-19 15:30:45 [INFO]: Socket.IO initialized {"service":"healthaxis-api"}
2026-04-19 15:30:45 [INFO]: Server running on port 3000 {"service":"healthaxis-api"}
2026-04-19 15:34:39 [INFO]: ✅ MongoDB Connected {"service":"healthaxis-api"}
2026-04-19 15:34:39 [INFO]: Socket.IO initialized {"service":"healthaxis-api"}
2026-04-19 15:34:39 [INFO]: Server running on port 3000 {"service":"healthaxis-api"}
2026-04-19 15:39:24 [INFO]: ✅ MongoDB Connected {"service":"healthaxis-api"}
2026-04-19 15:39:24 [INFO]: Socket.IO initialized {"service":"healthaxis-api"}
2026-04-19 15:39:24 [INFO]: Server running on port 3000 {"service":"healthaxis-api"}
2026-04-19 15:41:07 [INFO]: ✅ MongoDB Connected {"service":"healthaxis-api"}
2026-04-19 15:41:07 [INFO]: Socket.IO initialized {"service":"healthaxis-api"}
2026-04-19 15:41:07 [INFO]: Server running on port 3000 {"service":"healthaxis-api"}
2026-04-19 15:51:37 [ERROR]: Create Hospital Error {"service":"healthaxis-api","error":"Hospital validation failed: type: `Private` is not a valid enum value for path `type`.","userId":"69e486c84bab7d803cc69ede"}
ValidationError: Hospital validation failed: type: `Private` is not a valid enum value for path `type`.
    at model.validate (C:\Users\GALAXY PC\Desktop\Healthaxis\server\node_modules\mongoose\lib\document.js:2864:36)
    at process.processTicksAndRejections (node:internal/process/task_queues:103:5)
    at async model.$__save (C:\Users\GALAXY PC\Desktop\Healthaxis\server\node_modules\mongoose\lib\model.js:393:7)
    at async model.save (C:\Users\GALAXY PC\Desktop\Healthaxis\server\node_modules\mongoose\lib\model.js:667:5)
    at async model.create (C:\Users\GALAXY PC\Desktop\Healthaxis\server\node_modules\mongoose\lib\model.js:2754:5)
    at async createHospitalController (file:///C:/Users/GALAXY%20PC/Desktop/Healthaxis/server/src/controllers/hospital/hospital.controller.js:21:29)
2026-04-19 16:03:07 [INFO]: ✅ MongoDB Connected {"service":"healthaxis-api"}
2026-04-19 16:03:07 [INFO]: Socket.IO initialized {"service":"healthaxis-api"}
2026-04-19 16:03:07 [INFO]: Server running on port 3000 {"service":"healthaxis-api"}
2026-04-19 16:05:39 [ERROR]: Create Hospital Error {"service":"healthaxis-api","error":"Hospital validation failed: type: `Private` is not a valid enum value for path `type`.","userId":"69e486c84bab7d803cc69ede"}
ValidationError: Hospital validation failed: type: `Private` is not a valid enum value for path `type`.
    at model.validate (C:\Users\GALAXY PC\Desktop\Healthaxis\server\node_modules\mongoose\lib\document.js:2864:36)
    at process.processTicksAndRejections (node:internal/process/task_queues:103:5)
    at async model.$__save (C:\Users\GALAXY PC\Desktop\Healthaxis\server\node_modules\mongoose\lib\model.js:393:7)
    at async model.save (C:\Users\GALAXY PC\Desktop\Healthaxis\server\node_modules\mongoose\lib\model.js:667:5)
    at async model.create (C:\Users\GALAXY PC\Desktop\Healthaxis\server\node_modules\mongoose\lib\model.js:2754:5)
    at async createHospitalController (file:///C:/Users/GALAXY%20PC/Desktop/Healthaxis/server/src/controllers/hospital/hospital.controller.js:21:29)
2026-04-19 16:14:08 [INFO]: ✅ MongoDB Connected {"service":"healthaxis-api"}
2026-04-19 16:14:08 [INFO]: Socket.IO initialized {"service":"healthaxis-api"}
2026-04-19 16:14:08 [INFO]: Server running on port 3000 {"service":"healthaxis-api"}
2026-04-19 16:14:22 [INFO]: ✅ MongoDB Connected {"service":"healthaxis-api"}
2026-04-19 16:14:22 [INFO]: Socket.IO initialized {"service":"healthaxis-api"}
2026-04-19 16:14:22 [INFO]: Server running on port 3000 {"service":"healthaxis-api"}
2026-04-19 16:14:34 [INFO]: ✅ MongoDB Connected {"service":"healthaxis-api"}
2026-04-19 16:14:34 [INFO]: Socket.IO initialized {"service":"healthaxis-api"}
2026-04-19 16:14:34 [INFO]: Server running on port 3000 {"service":"healthaxis-api"}
2026-04-19 16:14:40 [INFO]: ✅ MongoDB Connected {"service":"healthaxis-api"}
2026-04-19 16:14:40 [INFO]: Socket.IO initialized {"service":"healthaxis-api"}
2026-04-19 16:14:40 [INFO]: Server running on port 3000 {"service":"healthaxis-api"}
2026-04-19 16:14:46 [INFO]: ✅ MongoDB Connected {"service":"healthaxis-api"}
2026-04-19 16:14:46 [INFO]: Socket.IO initialized {"service":"healthaxis-api"}
2026-04-19 16:14:46 [INFO]: Server running on port 3000 {"service":"healthaxis-api"}
2026-04-19 16:17:24 [INFO]: ✅ MongoDB Connected {"service":"healthaxis-api"}
2026-04-19 16:17:24 [INFO]: Socket.IO initialized {"service":"healthaxis-api"}
2026-04-19 16:17:24 [INFO]: Server running on port 3000 {"service":"healthaxis-api"}
2026-04-19 16:21:30 [INFO]: ✅ MongoDB Connected {"service":"healthaxis-api"}
2026-04-19 16:21:30 [INFO]: Socket.IO initialized {"service":"healthaxis-api"}
2026-04-19 16:21:30 [INFO]: Server running on port 3000 {"service":"healthaxis-api"}
2026-04-19 16:21:45 [INFO]: ✅ MongoDB Connected {"service":"healthaxis-api"}
2026-04-19 16:21:45 [INFO]: Socket.IO initialized {"service":"healthaxis-api"}
2026-04-19 16:21:45 [INFO]: Server running on port 3000 {"service":"healthaxis-api"}
2026-04-19 16:21:50 [INFO]: ✅ MongoDB Connected {"service":"healthaxis-api"}
2026-04-19 16:21:50 [INFO]: Socket.IO initialized {"service":"healthaxis-api"}
2026-04-19 16:21:50 [INFO]: Server running on port 3000 {"service":"healthaxis-api"}
2026-04-19 16:29:18 [INFO]: ✅ MongoDB Connected {"service":"healthaxis-api"}
2026-04-19 16:29:18 [INFO]: Socket.IO initialized {"service":"healthaxis-api"}
2026-04-19 16:29:18 [INFO]: Server running on port 3000 {"service":"healthaxis-api"}
2026-04-19 16:45:50 [INFO]: ✅ MongoDB Connected {"service":"healthaxis-api"}
2026-04-19 16:45:50 [INFO]: Socket.IO initialized {"service":"healthaxis-api"}
2026-04-19 16:45:50 [INFO]: Server running on port 3000 {"service":"healthaxis-api"}
2026-04-19 16:56:21 [INFO]: Server shutting down... {"service":"healthaxis-api"}
