2026-04-13 13:05:14 [ERROR]: Database connection failed {"service":"healthaxis-api","error":"option buffermaxentries is not supported","retryCount":0,"maxRetries":5}
MongoParseError: option buffermaxentries is not supported
    at parseOptions (C:\Users\Windows11\Desktop\HealthAxis\server\node_modules\mongodb\lib\connection_string.js:273:15)
    at new MongoClient (C:\Users\Windows11\Desktop\HealthAxis\server\node_modules\mongodb\lib\mongo_client.js:67:61)
    at NativeConnection.createClient (C:\Users\Windows11\Desktop\HealthAxis\server\node_modules\mongoose\lib\drivers\node-mongodb-native\connection.js:338:14)
    at NativeConnection.openUri (C:\Users\Windows11\Desktop\HealthAxis\server\node_modules\mongoose\lib\connection.js:1086:34)
    at Mongoose.connect (C:\Users\Windows11\Desktop\HealthAxis\server\node_modules\mongoose\lib\mongoose.js:475:15)
    at connectDb (file:///C:/Users/Windows11/Desktop/HealthAxis/server/src/config/db.js:20:24)
    at startServer (file:///C:/Users/Windows11/Desktop/HealthAxis/server/server.js:11:11)
    at file:///C:/Users/Windows11/Desktop/HealthAxis/server/server.js:49:1
    at ModuleJob.run (node:internal/modules/esm/module_job:413:25)
    at process.processTicksAndRejections (node:internal/process/task_queues:103:5)
2026-04-13 13:05:20 [ERROR]: Database connection failed {"service":"healthaxis-api","error":"option buffermaxentries is not supported","retryCount":1,"maxRetries":5}
MongoParseError: option buffermaxentries is not supported
    at parseOptions (C:\Users\Windows11\Desktop\HealthAxis\server\node_modules\mongodb\lib\connection_string.js:273:15)
    at new MongoClient (C:\Users\Windows11\Desktop\HealthAxis\server\node_modules\mongodb\lib\mongo_client.js:67:61)
    at NativeConnection.createClient (C:\Users\Windows11\Desktop\HealthAxis\server\node_modules\mongoose\lib\drivers\node-mongodb-native\connection.js:338:14)
    at NativeConnection.openUri (C:\Users\Windows11\Desktop\HealthAxis\server\node_modules\mongoose\lib\connection.js:1086:34)
    at Mongoose.connect (C:\Users\Windows11\Desktop\HealthAxis\server\node_modules\mongoose\lib\mongoose.js:475:15)
    at connectDb (file:///C:/Users/Windows11/Desktop/HealthAxis/server/src/config/db.js:20:24)
    at connectDb (file:///C:/Users/Windows11/Desktop/HealthAxis/server/src/config/db.js:55:20)
    at async startServer (file:///C:/Users/Windows11/Desktop/HealthAxis/server/server.js:11:5)
2026-04-13 13:05:25 [ERROR]: Database connection failed {"service":"healthaxis-api","error":"option buffermaxentries is not supported","retryCount":2,"maxRetries":5}
MongoParseError: option buffermaxentries is not supported
    at parseOptions (C:\Users\Windows11\Desktop\HealthAxis\server\node_modules\mongodb\lib\connection_string.js:273:15)
    at new MongoClient (C:\Users\Windows11\Desktop\HealthAxis\server\node_modules\mongodb\lib\mongo_client.js:67:61)
    at NativeConnection.createClient (C:\Users\Windows11\Desktop\HealthAxis\server\node_modules\mongoose\lib\drivers\node-mongodb-native\connection.js:338:14)
    at NativeConnection.openUri (C:\Users\Windows11\Desktop\HealthAxis\server\node_modules\mongoose\lib\connection.js:1086:34)
    at Mongoose.connect (C:\Users\Windows11\Desktop\HealthAxis\server\node_modules\mongoose\lib\mongoose.js:475:15)
    at connectDb (file:///C:/Users/Windows11/Desktop/HealthAxis/server/src/config/db.js:20:24)
    at connectDb (file:///C:/Users/Windows11/Desktop/HealthAxis/server/src/config/db.js:55:20)
    at async startServer (file:///C:/Users/Windows11/Desktop/HealthAxis/server/server.js:11:5)
2026-04-13 13:05:30 [ERROR]: Database connection failed {"service":"healthaxis-api","error":"option buffermaxentries is not supported","retryCount":3,"maxRetries":5}
MongoParseError: option buffermaxentries is not supported
    at parseOptions (C:\Users\Windows11\Desktop\HealthAxis\server\node_modules\mongodb\lib\connection_string.js:273:15)
    at new MongoClient (C:\Users\Windows11\Desktop\HealthAxis\server\node_modules\mongodb\lib\mongo_client.js:67:61)
    at NativeConnection.createClient (C:\Users\Windows11\Desktop\HealthAxis\server\node_modules\mongoose\lib\drivers\node-mongodb-native\connection.js:338:14)
    at NativeConnection.openUri (C:\Users\Windows11\Desktop\HealthAxis\server\node_modules\mongoose\lib\connection.js:1086:34)
    at Mongoose.connect (C:\Users\Windows11\Desktop\HealthAxis\server\node_modules\mongoose\lib\mongoose.js:475:15)
    at connectDb (file:///C:/Users/Windows11/Desktop/HealthAxis/server/src/config/db.js:20:24)
    at connectDb (file:///C:/Users/Windows11/Desktop/HealthAxis/server/src/config/db.js:55:20)
    at async startServer (file:///C:/Users/Windows11/Desktop/HealthAxis/server/server.js:11:5)
2026-04-13 13:05:35 [ERROR]: Database connection failed {"service":"healthaxis-api","error":"option buffermaxentries is not supported","retryCount":4,"maxRetries":5}
MongoParseError: option buffermaxentries is not supported
    at parseOptions (C:\Users\Windows11\Desktop\HealthAxis\server\node_modules\mongodb\lib\connection_string.js:273:15)
    at new MongoClient (C:\Users\Windows11\Desktop\HealthAxis\server\node_modules\mongodb\lib\mongo_client.js:67:61)
    at NativeConnection.createClient (C:\Users\Windows11\Desktop\HealthAxis\server\node_modules\mongoose\lib\drivers\node-mongodb-native\connection.js:338:14)
    at NativeConnection.openUri (C:\Users\Windows11\Desktop\HealthAxis\server\node_modules\mongoose\lib\connection.js:1086:34)
    at Mongoose.connect (C:\Users\Windows11\Desktop\HealthAxis\server\node_modules\mongoose\lib\mongoose.js:475:15)
    at connectDb (file:///C:/Users/Windows11/Desktop/HealthAxis/server/src/config/db.js:20:24)
    at connectDb (file:///C:/Users/Windows11/Desktop/HealthAxis/server/src/config/db.js:55:20)
    at async startServer (file:///C:/Users/Windows11/Desktop/HealthAxis/server/server.js:11:5)
2026-04-13 13:05:40 [ERROR]: Database connection failed {"service":"healthaxis-api","error":"option buffermaxentries is not supported","retryCount":5,"maxRetries":5}
MongoParseError: option buffermaxentries is not supported
    at parseOptions (C:\Users\Windows11\Desktop\HealthAxis\server\node_modules\mongodb\lib\connection_string.js:273:15)
    at new MongoClient (C:\Users\Windows11\Desktop\HealthAxis\server\node_modules\mongodb\lib\mongo_client.js:67:61)
    at NativeConnection.createClient (C:\Users\Windows11\Desktop\HealthAxis\server\node_modules\mongoose\lib\drivers\node-mongodb-native\connection.js:338:14)
    at NativeConnection.openUri (C:\Users\Windows11\Desktop\HealthAxis\server\node_modules\mongoose\lib\connection.js:1086:34)
    at Mongoose.connect (C:\Users\Windows11\Desktop\HealthAxis\server\node_modules\mongoose\lib\mongoose.js:475:15)
    at connectDb (file:///C:/Users/Windows11/Desktop/HealthAxis/server/src/config/db.js:20:24)
    at connectDb (file:///C:/Users/Windows11/Desktop/HealthAxis/server/src/config/db.js:55:20)
    at async startServer (file:///C:/Users/Windows11/Desktop/HealthAxis/server/server.js:11:5)
2026-04-13 13:07:58 [ERROR]: Database connection failed {"service":"healthaxis-api","error":"option buffermaxentries is not supported","retryCount":0,"maxRetries":5}
MongoParseError: option buffermaxentries is not supported
    at parseOptions (C:\Users\Windows11\Desktop\HealthAxis\server\node_modules\mongodb\lib\connection_string.js:273:15)
    at new MongoClient (C:\Users\Windows11\Desktop\HealthAxis\server\node_modules\mongodb\lib\mongo_client.js:67:61)
    at NativeConnection.createClient (C:\Users\Windows11\Desktop\HealthAxis\server\node_modules\mongoose\lib\drivers\node-mongodb-native\connection.js:338:14)
    at NativeConnection.openUri (C:\Users\Windows11\Desktop\HealthAxis\server\node_modules\mongoose\lib\connection.js:1086:34)
    at Mongoose.connect (C:\Users\Windows11\Desktop\HealthAxis\server\node_modules\mongoose\lib\mongoose.js:475:15)
    at connectDb (file:///C:/Users/Windows11/Desktop/HealthAxis/server/src/config/db.js:20:28)
    at startServer (file:///C:/Users/Windows11/Desktop/HealthAxis/server/server.js:11:11)
    at file:///C:/Users/Windows11/Desktop/HealthAxis/server/server.js:49:1
    at ModuleJob.run (node:internal/modules/esm/module_job:413:25)
    at process.processTicksAndRejections (node:internal/process/task_queues:103:5)
2026-04-13 13:08:03 [ERROR]: Database connection failed {"service":"healthaxis-api","error":"option buffermaxentries is not supported","retryCount":1,"maxRetries":5}
MongoParseError: option buffermaxentries is not supported
    at parseOptions (C:\Users\Windows11\Desktop\HealthAxis\server\node_modules\mongodb\lib\connection_string.js:273:15)
    at new MongoClient (C:\Users\Windows11\Desktop\HealthAxis\server\node_modules\mongodb\lib\mongo_client.js:67:61)
    at NativeConnection.createClient (C:\Users\Windows11\Desktop\HealthAxis\server\node_modules\mongoose\lib\drivers\node-mongodb-native\connection.js:338:14)
    at NativeConnection.openUri (C:\Users\Windows11\Desktop\HealthAxis\server\node_modules\mongoose\lib\connection.js:1086:34)
    at Mongoose.connect (C:\Users\Windows11\Desktop\HealthAxis\server\node_modules\mongoose\lib\mongoose.js:475:15)
    at connectDb (file:///C:/Users/Windows11/Desktop/HealthAxis/server/src/config/db.js:20:28)
    at connectDb (file:///C:/Users/Windows11/Desktop/HealthAxis/server/src/config/db.js:55:20)
    at async startServer (file:///C:/Users/Windows11/Desktop/HealthAxis/server/server.js:11:5)
2026-04-13 13:08:08 [ERROR]: Database connection failed {"service":"healthaxis-api","error":"option buffermaxentries is not supported","retryCount":2,"maxRetries":5}
MongoParseError: option buffermaxentries is not supported
    at parseOptions (C:\Users\Windows11\Desktop\HealthAxis\server\node_modules\mongodb\lib\connection_string.js:273:15)
    at new MongoClient (C:\Users\Windows11\Desktop\HealthAxis\server\node_modules\mongodb\lib\mongo_client.js:67:61)
    at NativeConnection.createClient (C:\Users\Windows11\Desktop\HealthAxis\server\node_modules\mongoose\lib\drivers\node-mongodb-native\connection.js:338:14)
    at NativeConnection.openUri (C:\Users\Windows11\Desktop\HealthAxis\server\node_modules\mongoose\lib\connection.js:1086:34)
    at Mongoose.connect (C:\Users\Windows11\Desktop\HealthAxis\server\node_modules\mongoose\lib\mongoose.js:475:15)
    at connectDb (file:///C:/Users/Windows11/Desktop/HealthAxis/server/src/config/db.js:20:28)
    at connectDb (file:///C:/Users/Windows11/Desktop/HealthAxis/server/src/config/db.js:55:20)
    at async startServer (file:///C:/Users/Windows11/Desktop/HealthAxis/server/server.js:11:5)
2026-04-13 13:08:13 [ERROR]: Database connection failed {"service":"healthaxis-api","error":"option buffermaxentries is not supported","retryCount":3,"maxRetries":5}
MongoParseError: option buffermaxentries is not supported
    at parseOptions (C:\Users\Windows11\Desktop\HealthAxis\server\node_modules\mongodb\lib\connection_string.js:273:15)
    at new MongoClient (C:\Users\Windows11\Desktop\HealthAxis\server\node_modules\mongodb\lib\mongo_client.js:67:61)
    at NativeConnection.createClient (C:\Users\Windows11\Desktop\HealthAxis\server\node_modules\mongoose\lib\drivers\node-mongodb-native\connection.js:338:14)
    at NativeConnection.openUri (C:\Users\Windows11\Desktop\HealthAxis\server\node_modules\mongoose\lib\connection.js:1086:34)
    at Mongoose.connect (C:\Users\Windows11\Desktop\HealthAxis\server\node_modules\mongoose\lib\mongoose.js:475:15)
    at connectDb (file:///C:/Users/Windows11/Desktop/HealthAxis/server/src/config/db.js:20:28)
    at connectDb (file:///C:/Users/Windows11/Desktop/HealthAxis/server/src/config/db.js:55:20)
    at async startServer (file:///C:/Users/Windows11/Desktop/HealthAxis/server/server.js:11:5)
2026-04-16 00:25:38 [ERROR]: ❌ DB Connection Error: {"service":"healthaxis-api"}
2026-04-17 14:01:26 [ERROR]: ❌ DB Connection Error: {"service":"healthaxis-api"}
2026-04-19 15:51:37 [ERROR]: Create Hospital Error {"service":"healthaxis-api","error":"Hospital validation failed: type: `Private` is not a valid enum value for path `type`.","userId":"69e486c84bab7d803cc69ede"}
ValidationError: Hospital validation failed: type: `Private` is not a valid enum value for path `type`.
    at model.validate (C:\Users\GALAXY PC\Desktop\Healthaxis\server\node_modules\mongoose\lib\document.js:2864:36)
    at process.processTicksAndRejections (node:internal/process/task_queues:103:5)
    at async model.$__save (C:\Users\GALAXY PC\Desktop\Healthaxis\server\node_modules\mongoose\lib\model.js:393:7)
    at async model.save (C:\Users\GALAXY PC\Desktop\Healthaxis\server\node_modules\mongoose\lib\model.js:667:5)
    at async model.create (C:\Users\GALAXY PC\Desktop\Healthaxis\server\node_modules\mongoose\lib\model.js:2754:5)
    at async createHospitalController (file:///C:/Users/GALAXY%20PC/Desktop/Healthaxis/server/src/controllers/hospital/hospital.controller.js:21:29)
2026-04-19 16:05:39 [ERROR]: Create Hospital Error {"service":"healthaxis-api","error":"Hospital validation failed: type: `Private` is not a valid enum value for path `type`.","userId":"69e486c84bab7d803cc69ede"}
ValidationError: Hospital validation failed: type: `Private` is not a valid enum value for path `type`.
    at model.validate (C:\Users\GALAXY PC\Desktop\Healthaxis\server\node_modules\mongoose\lib\document.js:2864:36)
    at process.processTicksAndRejections (node:internal/process/task_queues:103:5)
    at async model.$__save (C:\Users\GALAXY PC\Desktop\Healthaxis\server\node_modules\mongoose\lib\model.js:393:7)
    at async model.save (C:\Users\GALAXY PC\Desktop\Healthaxis\server\node_modules\mongoose\lib\model.js:667:5)
    at async model.create (C:\Users\GALAXY PC\Desktop\Healthaxis\server\node_modules\mongoose\lib\model.js:2754:5)
    at async createHospitalController (file:///C:/Users/GALAXY%20PC/Desktop/Healthaxis/server/src/controllers/hospital/hospital.controller.js:21:29)
